<?xml version="1.0" encoding="UTF-8"?>
<testsuite xmlns:xsi="http://www.w3.org/2001/XMLSchema-instance" xsi:noNamespaceSchemaLocation="https://maven.apache.org/surefire/maven-surefire-plugin/xsd/surefire-test-report-3.0.xsd" version="3.0" name="com.swd.ccp.CcpApplicationTests" time="15.557" tests="1" errors="0" skipped="0" failures="0">
  <properties>
[...]
</properties>
  <testcase name="contextLoads" classname="com.swd.ccp.CcpApplicationTests" time="0.383">
    <system-out><![CDATA[19:21:10.523 [main] INFO org.springframework.test.context.support.AnnotationConfigContextLoaderUtils -- Could not detect default configuration classes for test class [com.swd.ccp.CcpApplicationTests]: CcpApplicationTests does not declare any static, non-private, non-final, nested classes annotated with @Configuration.
19:21:10.665 [main] INFO org.springframework.boot.test.context.SpringBootTestContextBootstrapper -- Found @SpringBootConfiguration com.swd.ccp.CcpApplication for test class com.swd.ccp.CcpApplicationTests

  .   ____          _            __ _ _
 /\\ / ___'_ __ _ _(_)_ __  __ _ \ \ \ \
( ( )\___ | '_ | '_| | '_ \/ _` | \ \ \ \
 \\/  ___)| |_)| | | | | || (_| |  ) ) ) )
  '  |____| .__|_| |_|_| |_\__, | / / / /
 =========|_|==============|___/=/_/_/_/
 :: Spring Boot ::                (v3.2.2)

2024-03-02T19:21:11.133+07:00  INFO 7616 --- [           main] com.swd.ccp.CcpApplicationTests          : Starting CcpApplicationTests using Java 18.0.2 with PID 7616 (started by Admin in D:\Maven\coffee-cat\ccp)
2024-03-02T19:21:11.134+07:00  INFO 7616 --- [           main] com.swd.ccp.CcpApplicationTests          : No active profile set, falling back to 1 default profile: "default"
2024-03-02T19:21:12.518+07:00  INFO 7616 --- [           main] .s.d.r.c.RepositoryConfigurationDelegate : Bootstrapping Spring Data JPA repositories in DEFAULT mode.
2024-03-02T19:21:12.661+07:00  INFO 7616 --- [           main] .s.d.r.c.RepositoryConfigurationDelegate : Finished Spring Data repository scanning in 130 ms. Found 24 JPA repository interfaces.
2024-03-02T19:21:13.453+07:00  INFO 7616 --- [           main] o.hibernate.jpa.internal.util.LogHelper  : HHH000204: Processing PersistenceUnitInfo [name: default]
2024-03-02T19:21:13.530+07:00  INFO 7616 --- [           main] org.hibernate.Version                    : HHH000412: Hibernate ORM core version 6.4.1.Final
2024-03-02T19:21:13.570+07:00  INFO 7616 --- [           main] o.h.c.internal.RegionFactoryInitiator    : HHH000026: Second-level cache disabled
2024-03-02T19:21:13.919+07:00  INFO 7616 --- [           main] o.s.o.j.p.SpringPersistenceUnitInfo      : No LoadTimeWeaver setup: ignoring JPA class transformer
2024-03-02T19:21:13.952+07:00  INFO 7616 --- [           main] com.zaxxer.hikari.HikariDataSource       : HikariPool-1 - Starting...
2024-03-02T19:21:13.957+07:00  WARN 7616 --- [           main] c.zaxxer.hikari.util.DriverDataSource    : Registered driver with driverClassName=com.mysql.jdbc.Driver was not found, trying direct instantiation.
2024-03-02T19:21:14.339+07:00  INFO 7616 --- [           main] com.zaxxer.hikari.pool.HikariPool        : HikariPool-1 - Added connection com.mysql.cj.jdbc.ConnectionImpl@3129299f
2024-03-02T19:21:14.342+07:00  INFO 7616 --- [           main] com.zaxxer.hikari.HikariDataSource       : HikariPool-1 - Start completed.
2024-03-02T19:21:14.402+07:00  WARN 7616 --- [           main] org.hibernate.orm.deprecation            : HHH90000025: MySQLDialect does not need to be specified explicitly using 'hibernate.dialect' (remove the property setting and it will be selected by default)
2024-03-02T19:21:15.855+07:00  INFO 7616 --- [           main] o.h.e.t.j.p.i.JtaPlatformInitiator       : HHH000489: No JTA platform available (set 'hibernate.transaction.jta.platform' to enable JTA platform integration)
2024-03-02T19:21:17.410+07:00  INFO 7616 --- [           main] j.LocalContainerEntityManagerFactoryBean : Initialized JPA EntityManagerFactory for persistence unit 'default'
2024-03-02T19:21:17.828+07:00  INFO 7616 --- [           main] o.s.d.j.r.query.QueryEnhancerFactory     : Hibernate is in classpath; If applicable, HQL parser will be used.
2024-03-02T19:21:19.383+07:00  WARN 7616 --- [           main] JpaBaseConfiguration$JpaWebConfiguration : spring.jpa.open-in-view is enabled by default. Therefore, database queries may be performed during view rendering. Explicitly configure spring.jpa.open-in-view to disable this warning
2024-03-02T19:21:19.789+07:00  INFO 7616 --- [           main] o.s.s.web.DefaultSecurityFilterChain     : Will secure any request with [org.springframework.security.web.session.DisableEncodeUrlFilter@41da4be8, org.springframework.security.web.context.request.async.WebAsyncManagerIntegrationFilter@14bc9fe3, org.springframework.security.web.context.SecurityContextHolderFilter@55940257, org.springframework.security.web.header.HeaderWriterFilter@526ee5e6, org.springframework.web.filter.CorsFilter@21e67d8d, org.springframework.web.filter.CorsFilter@23b05e58, org.springframework.security.web.authentication.logout.LogoutFilter@b027acf, com.swd.ccp.configurations.JWTAuthenticationFilter@1676f27f, org.springframework.security.web.savedrequest.RequestCacheAwareFilter@307b954, org.springframework.security.web.servletapi.SecurityContextHolderAwareRequestFilter@52fd6b76, org.springframework.security.web.authentication.AnonymousAuthenticationFilter@3026d4cd, org.springframework.security.web.session.SessionManagementFilter@2aa28a01, org.springframework.security.web.access.ExceptionTranslationFilter@7dbcbc7b, org.springframework.security.web.access.intercept.AuthorizationFilter@34902fe6]
2024-03-02T19:21:20.296+07:00  INFO 7616 --- [           main] com.swd.ccp.CcpApplicationTests          : Started CcpApplicationTests in 9.425 seconds (process running for 10.599)

# ADMIN token: eyJhbGciOiJIUzM4NCJ9.eyJzdWIiOiJudWxsQGdtYWlsLmNvbSIsImlhdCI6MTcwOTM4MjA4MiwiZXhwIjoxNzA5ODE0MDgyfQ.PcFvWLqOQ_HD68MFXBbYqRh2h-y4yxS1G5lJ7ARw59DtrhGLgj1aZ1yyUId3-3kv
# OWNER token: eyJhbGciOiJIUzM4NCJ9.eyJzdWIiOiJ0aW5AZ21haWwuY29tIiwiaWF0IjoxNzA5MzgyMDgyLCJleHAiOjE3MDk4MTQwODJ9.pv-rsWvq7ixO8y8HvMdMAPn6JKggJQBMcm4gaQnp01YeC2M0ZZ-naDEZalbM4I2w
# STAFF token: eyJhbGciOiJIUzM4NCJ9.eyJzdWIiOiJDb25ub3I0MjUwQG91dGxvb2suY29tIiwiaWF0IjoxNzA5MzgyMDgyLCJleHAiOjE3MDk4MTQwODJ9.LI27jpO4Y_xXMvx06Gn18ARapfEWoy4qT35CGPMNzsQrE5499Cp4DiezDoJApWHx
# CUSTOMER token: eyJhbGciOiJIUzM4NCJ9.eyJzdWIiOiJhbkBnbWFpbC5jb20iLCJpYXQiOjE3MDkzODIwODIsImV4cCI6MTcwOTgxNDA4Mn0.4zqRZruj1L2VDKSvZkhfUMIJSqRvbL8RM61AkCWiadRBwaaJhBqsPrbOLimpm8nS
]]></system-out>
    <system-err><![CDATA[Loading class `com.mysql.jdbc.Driver'. This is deprecated. The new driver class is `com.mysql.cj.jdbc.Driver'. The driver is automatically registered via the SPI and manual loading of the driver class is generally unnecessary.
]]></system-err>
  </testcase>
</testsuite>